<?xml version="1.0" encoding="UTF-8"?>
<!-- Generated by org.testng.reporters.JUnitReportReporter -->
<testsuite hostname="LAPTOP-RH2PKSUM" failures="0" tests="1" name="testgithub.DJJ" time="0.011" errors="0" timestamp="2024-06-10T11:01:15 IST" skipped="0">
  <testcase classname="testgithub.DJJ" name="demogit" time="0.011"/>
  <system-out/>
</testsuite> <!-- testgithub.DJJ -->
