<?xml version="1.0" encoding="UTF-8"?>
<!-- Generated by org.testng.reporters.JUnitReportReporter -->
<testsuite hostname="LAPTOP-RH2PKSUM" failures="0" tests="1" name="testgithub.Githubcommitpush" time="0.012" errors="0" timestamp="2024-06-10T10:48:29 IST" skipped="0">
  <testcase classname="testgithub.Githubcommitpush" name="demogit" time="0.012"/>
  <system-out/>
</testsuite> <!-- testgithub.Githubcommitpush -->
